<?xml version="1.0" encoding="UTF-8"?>
<!-- Generated by org.testng.reporters.JUnitReportReporter -->
<testsuite skipped="0" hostname="DESKTOP-UERLTF0" name="org.N26.PetStoreApiAutomation.Tests.PlaceAndDeleteOderFromInventory" tests="1" failures="0" timestamp="2022-02-08T15:05:43 IST" time="0.170" errors="0">
  <testcase name="checkStoreInventory_WhenUser_Placed_NewOrder_Then_Delete_TheOrder" time="0.170" classname="org.N26.PetStoreApiAutomation.Tests.PlaceAndDeleteOderFromInventory"/>
  <system-out>
    <![CDATA[Object matches with common properties
Quantity matched after placing the order
Newly Placed order Found
Order deleted Successfully]]>
  </system-out>
</testsuite> <!-- org.N26.PetStoreApiAutomation.Tests.PlaceAndDeleteOderFromInventory -->
