<?xml version="1.0" encoding="UTF-8"?>
<!-- Generated by org.testng.reporters.JUnitReportReporter -->
<testsuite skipped="0" hostname="DESKTOP-UERLTF0" name="org.N26.PetStoreApiAutomation.Tests.MoveOrderFromPlcaedToApproveToDelivered" tests="1" failures="0" timestamp="2022-02-08T15:05:43 IST" time="2.862" errors="0">
  <testcase name="Step_PlaceOrderInPlaced_ThenMoveToApproved_ThenMoveToDelivered" time="2.862" classname="org.N26.PetStoreApiAutomation.Tests.MoveOrderFromPlcaedToApproveToDelivered"/>
  <system-out>
    <![CDATA[Object matches with common properties
Quantity matched after placing the order
Object matches with common properties
Quantity matched after placing the order
Object matches with common properties
Quantity matched after placing the order
Order deleted Successfully
Quantity matched after placing the order]]>
  </system-out>
</testsuite> <!-- org.N26.PetStoreApiAutomation.Tests.MoveOrderFromPlcaedToApproveToDelivered -->
