<?xml version="1.0" encoding="UTF-8"?>
<!-- Generated by org.testng.reporters.JUnitReportReporter -->
<testsuite skipped="0" hostname="DESKTOP-UERLTF0" name="org.N26.PetStoreApiAutomation.Tests.PlaceOrder" tests="1" failures="0" timestamp="2022-02-08T00:12:07 IST" time="2.527" errors="0">
  <testcase name="checkStoreInventory" time="2.527" classname="org.N26.PetStoreApiAutomation.Tests.PlaceOrder"/>
  <system-out/>
</testsuite> <!-- org.N26.PetStoreApiAutomation.Tests.PlaceOrder -->
